\BOOKMARK [0][-]{chapter.1}{Unit 1 \204 State Machines}{}% 1
\BOOKMARK [1][-]{section.1.1}{Supermark}{chapter.1}% 2
\BOOKMARK [1][-]{section.1.2}{Installation}{chapter.1}% 3
\BOOKMARK [2][-]{subsection.1.2.1}{Install Python}{section.1.2}% 4
\BOOKMARK [2][-]{subsection.1.2.2}{Install Pandoc}{section.1.2}% 5
\BOOKMARK [2][-]{subsection.1.2.3}{Install Supermark}{section.1.2}% 6
\BOOKMARK [1][-]{section.1.3}{Usage}{chapter.1}% 7
\BOOKMARK [2][-]{subsection.1.3.1}{Default Directory Structure}{section.1.3}% 8
\BOOKMARK [2][-]{subsection.1.3.2}{Default Command}{section.1.3}% 9
\BOOKMARK [2][-]{subsection.1.3.3}{Options}{section.1.3}% 10
\BOOKMARK [1][-]{section.1.4}{Writing Supermark Documents}{chapter.1}% 11
\BOOKMARK [1][-]{section.1.5}{Chunks}{chapter.1}% 12
\BOOKMARK [1][-]{section.1.6}{Markdown Chunks}{chapter.1}% 13
\BOOKMARK [2][-]{subsection.1.6.1}{Sections}{section.1.6}% 14
\BOOKMARK [2][-]{subsection.1.6.2}{Text Markup}{section.1.6}% 15
\BOOKMARK [2][-]{subsection.1.6.3}{Lists}{section.1.6}% 16
\BOOKMARK [1][-]{section.1.7}{YAML Elements}{chapter.1}% 17
\BOOKMARK [2][-]{subsection.1.7.1}{Videos}{section.1.7}% 18
\BOOKMARK [2][-]{subsection.1.7.2}{Tables}{section.1.7}% 19
\BOOKMARK [2][-]{subsection.1.7.3}{Figures}{section.1.7}% 20
\BOOKMARK [2][-]{subsection.1.7.4}{Buttons}{section.1.7}% 21
\BOOKMARK [1][-]{section.1.8}{HTML Blocks}{chapter.1}% 22
\BOOKMARK [1][-]{section.1.9}{Code Blocks}{chapter.1}% 23
\BOOKMARK [1][-]{section.1.10}{File Encoding}{chapter.1}% 24
\BOOKMARK [1][-]{section.1.11}{Special}{chapter.1}% 25
\BOOKMARK [2][-]{subsection.1.11.1}{Tips}{section.1.11}% 26
\BOOKMARK [2][-]{subsection.1.11.2}{Warnings}{section.1.11}% 27
\BOOKMARK [2][-]{subsection.1.11.3}{Solution Hints}{section.1.11}% 28
\BOOKMARK [1][-]{section.1.12}{Numbered Lists}{chapter.1}% 29
